# JRE version: OpenJDK Runtime Environment (8.0_312-b07) (build 1.8.0_312-b07)
# Java VM: OpenJDK 64-Bit Server VM (25.312-b07 mixed mode windows-amd64 compressed oops)
Heap:
 PSYoungGen      total 37888K, used 28758K [0x00000000d5c00000, 0x00000000d9380000, 0x0000000100000000)
  eden space 31744K, 71% used [0x00000000d5c00000,0x00000000d7245898,0x00000000d7b00000)
  from space 6144K, 96% used [0x00000000d8d80000,0x00000000d9350210,0x00000000d9380000)
  to   space 9216K, 0% used [0x00000000d8180000,0x00000000d8180000,0x00000000d8a80000)
 ParOldGen       total 60416K, used 5551K [0x0000000081400000, 0x0000000084f00000, 0x00000000d5c00000)
  object space 60416K, 9% used [0x0000000081400000,0x000000008196bf20,0x0000000084f00000)
 Metaspace       used 32351K, capacity 33534K, committed 33664K, reserved 1079296K
  class space    used 3593K, capacity 3859K, committed 3968K, reserved 1048576K
GC Heap History (10 events):
Event: 2.757 GC heap before
{Heap before GC invocations=5 (full 1):
 PSYoungGen      total 38400K, used 33280K [0x00000000d5c00000, 0x00000000d8680000, 0x0000000100000000)
  eden space 33280K, 100% used [0x00000000d5c00000,0x00000000d7c80000,0x00000000d7c80000)
  from space 5120K, 0% used [0x00000000d7c80000,0x00000000d7c80000,0x00000000d8180000)
  to   space 5120K, 0% used [0x00000000d8180000,0x00000000d8180000,0x00000000d8680000)
 ParOldGen       total 60416K, used 5301K [0x0000000081400000, 0x0000000084f00000, 0x00000000d5c00000)
  object space 60416K, 8% used [0x0000000081400000,0x000000008192d5e8,0x0000000084f00000)
 Metaspace       used 25670K, capacity 26344K, committed 26624K, reserved 1073152K
  class space    used 2846K, capacity 3040K, committed 3072K, reserved 1048576K
Event: 2.760 GC heap after
Heap after GC invocations=5 (full 1):
 PSYoungGen      total 38400K, used 4815K [0x00000000d5c00000, 0x00000000d9680000, 0x0000000100000000)
  eden space 33280K, 0% used [0x00000000d5c00000,0x00000000d5c00000,0x00000000d7c80000)
  from space 5120K, 94% used [0x00000000d8180000,0x00000000d8633e90,0x00000000d8680000)
  to   space 5120K, 0% used [0x00000000d7c80000,0x00000000d7c80000,0x00000000d8180000)
 ParOldGen       total 60416K, used 5309K [0x0000000081400000, 0x0000000084f00000, 0x00000000d5c00000)
  object space 60416K, 8% used [0x0000000081400000,0x000000008192f5e8,0x0000000084f00000)
 Metaspace       used 25670K, capacity 26344K, committed 26624K, reserved 1073152K
  class space    used 2846K, capacity 3040K, committed 3072K, reserved 1048576K
}
Event: 4.281 GC heap before
{Heap before GC invocations=6 (full 1):
 PSYoungGen      total 38400K, used 38095K [0x00000000d5c00000, 0x00000000d9680000, 0x0000000100000000)
  eden space 33280K, 100% used [0x00000000d5c00000,0x00000000d7c80000,0x00000000d7c80000)
  from space 5120K, 94% used [0x00000000d8180000,0x00000000d8633e90,0x00000000d8680000)
  to   space 5120K, 0% used [0x00000000d7c80000,0x00000000d7c80000,0x00000000d8180000)
 ParOldGen       total 60416K, used 5309K [0x0000000081400000, 0x0000000084f00000, 0x00000000d5c00000)
  object space 60416K, 8% used [0x0000000081400000,0x000000008192f5e8,0x0000000084f00000)
 Metaspace       used 28472K, capacity 29382K, committed 29568K, reserved 1075200K
  class space    used 3229K, capacity 3449K, committed 3456K, reserved 1048576K
Event: 4.283 GC heap after
Heap after GC invocations=6 (full 1):
 PSYoungGen      total 38400K, used 5093K [0x00000000d5c00000, 0x00000000d9e80000, 0x0000000100000000)
  eden space 33280K, 0% used [0x00000000d5c00000,0x00000000d5c00000,0x00000000d7c80000)
  from space 5120K, 99% used [0x00000000d7c80000,0x00000000d81797b0,0x00000000d8180000)
  to   space 10240K, 0% used [0x00000000d9480000,0x00000000d9480000,0x00000000d9e80000)
 ParOldGen       total 60416K, used 5527K [0x0000000081400000, 0x0000000084f00000, 0x00000000d5c00000)
  object space 60416K, 9% used [0x0000000081400000,0x0000000081965f20,0x0000000084f00000)
 Metaspace       used 28472K, capacity 29382K, committed 29568K, reserved 1075200K
  class space    used 3229K, capacity 3449K, committed 3456K, reserved 1048576K
}
Event: 169.391 GC heap before
{Heap before GC invocations=7 (full 1):
 PSYoungGen      total 38400K, used 38373K [0x00000000d5c00000, 0x00000000d9e80000, 0x0000000100000000)
  eden space 33280K, 100% used [0x00000000d5c00000,0x00000000d7c80000,0x00000000d7c80000)
  from space 5120K, 99% used [0x00000000d7c80000,0x00000000d81797b0,0x00000000d8180000)
  to   space 10240K, 0% used [0x00000000d9480000,0x00000000d9480000,0x00000000d9e80000)
 ParOldGen       total 60416K, used 5527K [0x0000000081400000, 0x0000000084f00000, 0x00000000d5c00000)
  object space 60416K, 9% used [0x0000000081400000,0x0000000081965f20,0x0000000084f00000)
 Metaspace       used 31095K, capacity 32096K, committed 32256K, reserved 1077248K
  class space    used 3529K, capacity 3790K, committed 3840K, reserved 1048576K
Event: 169.394 GC heap after
Heap after GC invocations=7 (full 1):
 PSYoungGen      total 39424K, used 6609K [0x00000000d5c00000, 0x00000000d9b00000, 0x0000000100000000)
  eden space 32768K, 0% used [0x00000000d5c00000,0x00000000d5c00000,0x00000000d7c00000)
  from space 6656K, 99% used [0x00000000d9480000,0x00000000d9af4740,0x00000000d9b00000)
  to   space 9728K, 0% used [0x00000000d8800000,0x00000000d8800000,0x00000000d9180000)
 ParOldGen       total 60416K, used 5535K [0x0000000081400000, 0x0000000084f00000, 0x00000000d5c00000)
  object space 60416K, 9% used [0x0000000081400000,0x0000000081967f20,0x0000000084f00000)
 Metaspace       used 31095K, capacity 32096K, committed 32256K, reserved 1077248K
  class space    used 3529K, capacity 3790K, committed 3840K, reserved 1048576K
}
Event: 1185.729 GC heap before
{Heap before GC invocations=8 (full 1):
 PSYoungGen      total 39424K, used 39377K [0x00000000d5c00000, 0x00000000d9b00000, 0x0000000100000000)
  eden space 32768K, 100% used [0x00000000d5c00000,0x00000000d7c00000,0x00000000d7c00000)
  from space 6656K, 99% used [0x00000000d9480000,0x00000000d9af4740,0x00000000d9b00000)
  to   space 9728K, 0% used [0x00000000d8800000,0x00000000d8800000,0x00000000d9180000)
 ParOldGen       total 60416K, used 5535K [0x0000000081400000, 0x0000000084f00000, 0x00000000d5c00000)
  object space 60416K, 9% used [0x0000000081400000,0x0000000081967f20,0x0000000084f00000)
 Metaspace       used 31730K, capacity 32914K, committed 33024K, reserved 1079296K
  class space    used 3565K, capacity 3835K, committed 3840K, reserved 1048576K
Event: 1185.732 GC heap after
Heap after GC invocations=8 (full 1):
 PSYoungGen      total 37888K, used 5504K [0x00000000d5c00000, 0x00000000d9500000, 0x0000000100000000)
  eden space 32256K, 0% used [0x00000000d5c00000,0x00000000d5c00000,0x00000000d7b80000)
  from space 5632K, 97% used [0x00000000d8800000,0x00000000d8d60210,0x00000000d8d80000)
  to   space 7680K, 0% used [0x00000000d8d80000,0x00000000d8d80000,0x00000000d9500000)
 ParOldGen       total 60416K, used 5543K [0x0000000081400000, 0x0000000084f00000, 0x00000000d5c00000)
  object space 60416K, 9% used [0x0000000081400000,0x0000000081969f20,0x0000000084f00000)
 Metaspace       used 31730K, capacity 32914K, committed 33024K, reserved 1079296K
  class space    used 3565K, capacity 3835K, committed 3840K, reserved 1048576K
}
Event: 2025.714 GC heap before
{Heap before GC invocations=9 (full 1):
 PSYoungGen      total 37888K, used 37759K [0x00000000d5c00000, 0x00000000d9500000, 0x0000000100000000)
  eden space 32256K, 99% used [0x00000000d5c00000,0x00000000d7b7fc88,0x00000000d7b80000)
  from space 5632K, 97% used [0x00000000d8800000,0x00000000d8d60210,0x00000000d8d80000)
  to   space 7680K, 0% used [0x00000000d8d80000,0x00000000d8d80000,0x00000000d9500000)
 ParOldGen       total 60416K, used 5543K [0x0000000081400000, 0x0000000084f00000, 0x00000000d5c00000)
  object space 60416K, 9% used [0x0000000081400000,0x0000000081969f20,0x0000000084f00000)
 Metaspace       used 31996K, capacity 33186K, committed 33280K, reserved 1079296K
  class space    used 3568K, capacity 3837K, committed 3840K, reserved 1048576K
Event: 2025.716 GC heap after
Heap after GC invocations=9 (full 1):
 PSYoungGen      total 37888K, used 5952K [0x00000000d5c00000, 0x00000000d9380000, 0x0000000100000000)
  eden space 31744K, 0% used [0x00000000d5c00000,0x00000000d5c00000,0x00000000d7b00000)
  from space 6144K, 96% used [0x00000000d8d80000,0x00000000d9350210,0x00000000d9380000)
  to   space 9216K, 0% used [0x00000000d8180000,0x00000000d8180000,0x00000000d8a80000)
 ParOldGen       total 60416K, used 5551K [0x0000000081400000, 0x0000000084f00000, 0x00000000d5c00000)
  object space 60416K, 9% used [0x0000000081400000,0x000000008196bf20,0x0000000084f00000)
 Metaspace       used 31996K, capacity 33186K, committed 33280K, reserved 1079296K
  class space    used 3568K, capacity 3837K, committed 3840K, reserved 1048576K
}

